[2025-03-04T16:12:42.301Z] [ERROR] (node:72853) [DEP0040] DeprecationWarning: The `punycode` module is deprecated. Please use a userland alternative instead.
(Use `node --trace-deprecation ...` to show where the warning was created)
[2025-03-04T16:12:42.305Z] [INFO] Buying and selling service running on http://localhost:4100
[2025-03-04T16:12:42.357Z] [INFO] Connected to RabbitMQ
[2025-03-04T16:12:42.359Z] [INFO] Connected to RabbitMQ
[2025-03-04T16:12:42.401Z] [INFO] Channel created for queue: "BUY"
[2025-03-04T16:12:42.402Z] [INFO] Channel created for queue: "SELL"
[2025-03-04T16:12:42.409Z] [INFO] Started consuming messages from "SELL"
[2025-03-04T16:12:42.410Z] [INFO] Started consuming messages from "BUY"
[2025-03-04T16:12:42.792Z] [INFO] Database synced successfully.
[2025-03-04T19:27:25.281Z] [ERROR] (node:75401) [DEP0040] DeprecationWarning: The `punycode` module is deprecated. Please use a userland alternative instead.
(Use `node --trace-deprecation ...` to show where the warning was created)
[2025-03-04T19:27:25.363Z] [INFO] Buying and selling service running on http://localhost:4100
[2025-03-04T19:27:25.416Z] [INFO] Connected to RabbitMQ
[2025-03-04T19:27:25.421Z] [INFO] Connected to RabbitMQ
[2025-03-04T19:27:25.436Z] [INFO] Channel created for queue: "BUY"
[2025-03-04T19:27:25.439Z] [INFO] Channel created for queue: "SELL"
[2025-03-04T19:27:25.446Z] [INFO] Started consuming messages from "SELL"
[2025-03-04T19:27:25.448Z] [INFO] Started consuming messages from "BUY"
[2025-03-04T19:27:25.877Z] [INFO] Database synced successfully.
[2025-03-04T20:26:31.344Z] [ERROR] (node:76222) [DEP0040] DeprecationWarning: The `punycode` module is deprecated. Please use a userland alternative instead.
(Use `node --trace-deprecation ...` to show where the warning was created)
[2025-03-04T20:26:31.413Z] [INFO] Buying and selling service running on http://localhost:4100
[2025-03-04T20:26:31.451Z] [ERROR] Error syncing database: SequelizeConnectionError: Access denied for user ''@'localhost' to database 'sctoabb'
[2025-03-04T20:26:31.458Z] [INFO] Connected to RabbitMQ
[2025-03-04T20:26:31.462Z] [INFO] Connected to RabbitMQ
[2025-03-04T20:26:31.468Z] [INFO] Channel created for queue: "SELL"
[2025-03-04T20:26:31.471Z] [INFO] Channel created for queue: "BUY"
[2025-03-04T20:26:31.474Z] [INFO] Started consuming messages from "SELL"
[2025-03-04T20:26:31.476Z] [INFO] Started consuming messages from "BUY"
[2025-03-04T20:27:00.266Z] [ERROR] (node:76275) [DEP0040] DeprecationWarning: The `punycode` module is deprecated. Please use a userland alternative instead.
(Use `node --trace-deprecation ...` to show where the warning was created)
[2025-03-04T20:27:00.321Z] [INFO] Buying and selling service running on http://localhost:4100
[2025-03-04T20:27:00.362Z] [INFO] Connected to RabbitMQ
[2025-03-04T20:27:00.366Z] [INFO] Connected to RabbitMQ
[2025-03-04T20:27:00.377Z] [INFO] Channel created for queue: "BUY"
[2025-03-04T20:27:00.380Z] [INFO] Channel created for queue: "SELL"
[2025-03-04T20:27:00.386Z] [INFO] Started consuming messages from "BUY"
[2025-03-04T20:27:00.388Z] [INFO] Started consuming messages from "SELL"
[2025-03-04T20:27:00.465Z] [INFO] Database synced successfully.
